[     9.830] 
X.Org X Server 1.19.6
Release Date: 2017-12-20
[     9.830] X Protocol Version 11, Revision 0
[     9.830] Build Operating System: Linux 4.15.0-124-generic x86_64 Ubuntu
[     9.830] Current Operating System: Linux HP-ProBook-650-G1 4.15.0-136-generic #140-Ubuntu SMP Thu Jan 28 05:20:47 UTC 2021 x86_64
[     9.830] Kernel command line: BOOT_IMAGE=/boot/vmlinuz-4.15.0-136-generic root=UUID=599643e2-003e-4d8f-b802-3d1db0eaa45d ro quiet splash
[     9.830] Build Date: 30 November 2020  08:01:56PM
[     9.830] xorg-server 2:1.19.6-1ubuntu4.8 (For technical support please see http://www.ubuntu.com/support) 
[     9.830] Current version of pixman: 0.34.0
[     9.830] 	Before reporting problems, check http://wiki.x.org
	to make sure that you have the latest version.
[     9.830] Markers: (--) probed, (**) from config file, (==) default setting,
	(++) from command line, (!!) notice, (II) informational,
	(WW) warning, (EE) error, (NI) not implemented, (??) unknown.
[     9.830] (==) Log file: "/var/log/Xorg.0.log", Time: Tue Apr 13 13:14:11 2021
[     9.831] (==) Using system config directory "/usr/share/X11/xorg.conf.d"
[     9.833] (==) No Layout section.  Using the first Screen section.
[     9.833] (==) No screen section available. Using defaults.
[     9.833] (**) |-->Screen "Default Screen Section" (0)
[     9.833] (**) |   |-->Monitor "<default monitor>"
[     9.833] (==) No monitor specified for screen "Default Screen Section".
	Using a default monitor configuration.
[     9.833] (==) Automatically adding devices
[     9.833] (==) Automatically enabling devices
[     9.833] (==) Automatically adding GPU devices
[     9.833] (==) Automatically binding GPU devices
[     9.833] (==) Max clients allowed: 256, resource mask: 0x1fffff
[     9.833] (WW) The directory "/usr/share/fonts/X11/cyrillic" does not exist.
[     9.833] 	Entry deleted from font path.
[     9.833] (WW) The directory "/usr/share/fonts/X11/100dpi/" does not exist.
[     9.833] 	Entry deleted from font path.
[     9.833] (WW) The directory "/usr/share/fonts/X11/100dpi" does not exist.
[     9.833] 	Entry deleted from font path.
[     9.833] (==) FontPath set to:
	/usr/share/fonts/X11/misc,
	/usr/share/fonts/X11/75dpi/:unscaled,
	/usr/share/fonts/X11/Type1,
	/usr/share/fonts/X11/75dpi,
	built-ins
[     9.833] (==) ModulePath set to "/usr/lib/xorg/modules"
[     9.833] (II) The server relies on udev to provide the list of input devices.
	If no devices become available, reconfigure udev or disable AutoAddDevices.
[     9.833] (II) Loader magic: 0x56522eb26020
[     9.833] (II) Module ABI versions:
[     9.833] 	X.Org ANSI C Emulation: 0.4
[     9.833] 	X.Org Video Driver: 23.0
[     9.833] 	X.Org XInput driver : 24.1
[     9.833] 	X.Org Server Extension : 10.0
[     9.838] (++) using VT number 7

[     9.838] (II) systemd-logind: logind integration requires -keeptty and -keeptty was not provided, disabling logind integration
[     9.839] (II) xfree86: Adding drm device (/dev/dri/card0)
[     9.850] (--) PCI:*(0:0:2:0) 8086:0416:103c:1993 rev 6, Mem @ 0xd0000000/4194304, 0xc0000000/268435456, I/O @ 0x00003000/64, BIOS @ 0x????????/131072
[     9.850] (II) LoadModule: "glx"
[     9.854] (II) Loading /usr/lib/xorg/modules/extensions/libglx.so
[     9.861] (II) Module glx: vendor="X.Org Foundation"
[     9.861] 	compiled for 1.19.6, module version = 1.0.0
[     9.861] 	ABI class: X.Org Server Extension, version 10.0
[     9.861] (==) Matched modesetting as autoconfigured driver 0
[     9.861] (==) Matched fbdev as autoconfigured driver 1
[     9.861] (==) Matched vesa as autoconfigured driver 2
[     9.861] (==) Assigned the driver to the xf86ConfigLayout
[     9.861] (II) LoadModule: "modesetting"
[     9.861] (II) Loading /usr/lib/xorg/modules/drivers/modesetting_drv.so
[     9.861] (II) Module modesetting: vendor="X.Org Foundation"
[     9.861] 	compiled for 1.19.6, module version = 1.19.6
[     9.861] 	Module class: X.Org Video Driver
[     9.861] 	ABI class: X.Org Video Driver, version 23.0
[     9.861] (II) LoadModule: "fbdev"
[     9.861] (II) Loading /usr/lib/xorg/modules/drivers/fbdev_drv.so
[     9.861] (II) Module fbdev: vendor="X.Org Foundation"
[     9.861] 	compiled for 1.19.3, module version = 0.4.4
[     9.861] 	Module class: X.Org Video Driver
[     9.861] 	ABI class: X.Org Video Driver, version 23.0
[     9.861] (II) LoadModule: "vesa"
[     9.862] (II) Loading /usr/lib/xorg/modules/drivers/vesa_drv.so
[     9.862] (II) Module vesa: vendor="X.Org Foundation"
[     9.862] 	compiled for 1.19.3, module version = 2.3.4
[     9.862] 	Module class: X.Org Video Driver
[     9.862] 	ABI class: X.Org Video Driver, version 23.0
[     9.862] (II) modesetting: Driver for Modesetting Kernel Drivers: kms
[     9.862] (II) FBDEV: driver for framebuffer: fbdev
[     9.862] (II) VESA: driver for VESA chipsets: vesa
[     9.881] (II) modeset(0): using drv /dev/dri/card0
[     9.881] (WW) Falling back to old probe method for fbdev
[     9.881] (II) Loading sub module "fbdevhw"
[     9.881] (II) LoadModule: "fbdevhw"
[     9.881] (II) Loading /usr/lib/xorg/modules/libfbdevhw.so
[     9.881] (II) Module fbdevhw: vendor="X.Org Foundation"
[     9.881] 	compiled for 1.19.6, module version = 0.0.2
[     9.881] 	ABI class: X.Org Video Driver, version 23.0
[     9.881] (WW) Falling back to old probe method for vesa
[     9.881] (II) modeset(0): Creating default Display subsection in Screen section
	"Default Screen Section" for depth/fbbpp 24/32
[     9.881] (==) modeset(0): Depth 24, (==) framebuffer bpp 32
[     9.881] (==) modeset(0): RGB weight 888
[     9.881] (==) modeset(0): Default visual is TrueColor
[     9.881] (II) Loading sub module "glamoregl"
[     9.881] (II) LoadModule: "glamoregl"
[     9.881] (II) Loading /usr/lib/xorg/modules/libglamoregl.so
[     9.888] (II) Module glamoregl: vendor="X.Org Foundation"
[     9.888] 	compiled for 1.19.6, module version = 1.0.0
[     9.888] 	ABI class: X.Org ANSI C Emulation, version 0.4
[     9.888] (II) glamor: OpenGL accelerated X.org driver based.
[     9.912] (II) glamor: EGL version 1.4:
[     9.917] (II) modeset(0): glamor initialized
[     9.918] (II) modeset(0): Output eDP-1 has no monitor section
[     9.923] (II) modeset(0): Output VGA-1 has no monitor section
[     9.924] (II) modeset(0): Output DP-1 has no monitor section
[     9.932] (II) modeset(0): Output HDMI-1 has no monitor section
[     9.932] (II) modeset(0): Output DP-2 has no monitor section
[     9.941] (II) modeset(0): Output HDMI-2 has no monitor section
[     9.941] (II) modeset(0): Output DP-3 has no monitor section
[     9.950] (II) modeset(0): Output HDMI-3 has no monitor section
[     9.951] (II) modeset(0): EDID for output eDP-1
[     9.951] (II) modeset(0): Manufacturer: SDC  Model: 4851  Serial#: 0
[     9.951] (II) modeset(0): Year: 2012  Week: 0
[     9.951] (II) modeset(0): EDID Version: 1.4
[     9.951] (II) modeset(0): Digital Display Input
[     9.951] (II) modeset(0): 6 bits per channel
[     9.951] (II) modeset(0): Digital interface is undefined
[     9.951] (II) modeset(0): Max Image Size [cm]: horiz.: 34  vert.: 19
[     9.951] (II) modeset(0): Gamma: 2.20
[     9.951] (II) modeset(0): No DPMS capabilities specified
[     9.951] (II) modeset(0): Supported color encodings: RGB 4:4:4 YCrCb 4:4:4 
[     9.951] (II) modeset(0): First detailed timing is preferred mode
[     9.951] (II) modeset(0): Preferred mode is native pixel format and refresh rate
[     9.951] (II) modeset(0): redX: 0.574 redY: 0.339   greenX: 0.333 greenY: 0.576
[     9.951] (II) modeset(0): blueX: 0.160 blueY: 0.115   whiteX: 0.313 whiteY: 0.329
[     9.951] (II) modeset(0): Manufacturer's mask: 0
[     9.951] (II) modeset(0): Supported detailed timing:
[     9.951] (II) modeset(0): clock: 77.2 MHz   Image Size:  344 x 194 mm
[     9.951] (II) modeset(0): h_active: 1366  h_sync: 1430  h_sync_end 1478 h_blank_end 1626 h_border: 0
[     9.951] (II) modeset(0): v_active: 768  v_sync: 770  v_sync_end 775 v_blanking: 792 v_border: 0
[     9.951] (II) modeset(0): Supported detailed timing:
[     9.951] (II) modeset(0): clock: 51.5 MHz   Image Size:  344 x 194 mm
[     9.951] (II) modeset(0): h_active: 1366  h_sync: 1430  h_sync_end 1478 h_blank_end 1626 h_border: 0
[     9.951] (II) modeset(0): v_active: 768  v_sync: 770  v_sync_end 775 v_blanking: 792 v_border: 0
[     9.951] (II) modeset(0): Unknown vendor-specific block 2
[     9.951] (II) modeset(0): EDID (in hex):
[     9.951] (II) modeset(0): 	00ffffffffffff004c83514800000000
[     9.951] (II) modeset(0): 	00160104902213780a36259356559329
[     9.951] (II) modeset(0): 	1d505400000001010101010101010101
[     9.951] (II) modeset(0): 	010101010101281e5604510018304030
[     9.951] (II) modeset(0): 	250058c2100000191f14560451001830
[     9.951] (II) modeset(0): 	4030250058c210000019000000000000
[     9.951] (II) modeset(0): 	00000000000000000000000000000002
[     9.951] (II) modeset(0): 	000c4cff0a3c64141524640000000053
[     9.952] (II) modeset(0): Printing probed modes for output eDP-1
[     9.952] (II) modeset(0): Modeline "1366x768"x59.9   77.20  1366 1430 1478 1626  768 770 775 792 -hsync -vsync (47.5 kHz eP)
[     9.952] (II) modeset(0): Modeline "1366x768"x40.0   51.51  1366 1430 1478 1626  768 770 775 792 -hsync -vsync (31.7 kHz e)
[     9.952] (II) modeset(0): Modeline "1360x768"x59.8   84.75  1360 1432 1568 1776  768 771 781 798 -hsync +vsync (47.7 kHz d)
[     9.952] (II) modeset(0): Modeline "1360x768"x60.0   72.00  1360 1408 1440 1520  768 771 781 790 +hsync -vsync (47.4 kHz d)
[     9.952] (II) modeset(0): Modeline "1280x720"x120.0  156.12  1280 1376 1512 1744  720 721 724 746 doublescan -hsync +vsync (89.5 kHz d)
[     9.952] (II) modeset(0): Modeline "1280x720"x120.0  120.75  1280 1304 1320 1360  720 721 724 740 doublescan +hsync -vsync (88.8 kHz d)
[     9.952] (II) modeset(0): Modeline "1280x720"x59.9   74.50  1280 1344 1472 1664  720 723 728 748 -hsync +vsync (44.8 kHz d)
[     9.952] (II) modeset(0): Modeline "1280x720"x59.7   63.75  1280 1328 1360 1440  720 723 728 741 +hsync -vsync (44.3 kHz d)
[     9.952] (II) modeset(0): Modeline "1024x768"x120.1  133.47  1024 1100 1212 1400  768 768 770 794 doublescan -hsync +vsync (95.3 kHz d)
[     9.952] (II) modeset(0): Modeline "1024x768"x60.0   65.00  1024 1048 1184 1344  768 771 777 806 -hsync -vsync (48.4 kHz d)
[     9.952] (II) modeset(0): Modeline "960x720"x120.0  117.00  960 1024 1128 1300  720 720 722 750 doublescan -hsync +vsync (90.0 kHz d)
[     9.952] (II) modeset(0): Modeline "928x696"x120.1  109.15  928 976 1088 1264  696 696 698 719 doublescan -hsync +vsync (86.4 kHz d)
[     9.952] (II) modeset(0): Modeline "896x672"x120.0  102.40  896 960 1060 1224  672 672 674 697 doublescan -hsync +vsync (83.7 kHz d)
[     9.952] (II) modeset(0): Modeline "1024x576"x119.9   98.50  1024 1092 1200 1376  576 577 580 597 doublescan -hsync +vsync (71.6 kHz d)
[     9.952] (II) modeset(0): Modeline "1024x576"x119.9   78.38  1024 1048 1064 1104  576 577 580 592 doublescan +hsync -vsync (71.0 kHz d)
[     9.952] (II) modeset(0): Modeline "1024x576"x59.9   46.50  1024 1064 1160 1296  576 579 584 599 -hsync +vsync (35.9 kHz d)
[     9.952] (II) modeset(0): Modeline "1024x576"x59.8   42.00  1024 1072 1104 1184  576 579 584 593 +hsync -vsync (35.5 kHz d)
[     9.952] (II) modeset(0): Modeline "960x600"x119.9   96.62  960 1028 1128 1296  600 601 604 622 doublescan -hsync +vsync (74.6 kHz d)
[     9.952] (II) modeset(0): Modeline "960x600"x120.0   77.00  960 984 1000 1040  600 601 604 617 doublescan +hsync -vsync (74.0 kHz d)
[     9.952] (II) modeset(0): Modeline "960x540"x119.9   86.50  960 1024 1124 1288  540 541 544 560 doublescan -hsync +vsync (67.2 kHz d)
[     9.952] (II) modeset(0): Modeline "960x540"x120.0   69.25  960 984 1000 1040  540 541 544 555 doublescan +hsync -vsync (66.6 kHz d)
[     9.952] (II) modeset(0): Modeline "960x540"x59.6   40.75  960 992 1088 1216  540 543 548 562 -hsync +vsync (33.5 kHz d)
[     9.952] (II) modeset(0): Modeline "960x540"x59.8   37.25  960 1008 1040 1120  540 543 548 556 +hsync -vsync (33.3 kHz d)
[     9.952] (II) modeset(0): Modeline "800x600"x120.0   81.00  800 832 928 1080  600 600 602 625 doublescan +hsync +vsync (75.0 kHz d)
[     9.952] (II) modeset(0): Modeline "800x600"x60.3   40.00  800 840 968 1056  600 601 605 628 +hsync +vsync (37.9 kHz d)
[     9.952] (II) modeset(0): Modeline "800x600"x56.2   36.00  800 824 896 1024  600 601 603 625 +hsync +vsync (35.2 kHz d)
[     9.952] (II) modeset(0): Modeline "840x525"x120.0   73.12  840 892 980 1120  525 526 529 544 doublescan -hsync +vsync (65.3 kHz d)
[     9.952] (II) modeset(0): Modeline "840x525"x119.8   59.50  840 864 880 920  525 526 529 540 doublescan +hsync -vsync (64.7 kHz d)
[     9.952] (II) modeset(0): Modeline "864x486"x59.9   32.50  864 888 968 1072  486 489 494 506 -hsync +vsync (30.3 kHz d)
[     9.952] (II) modeset(0): Modeline "864x486"x59.6   30.50  864 912 944 1024  486 489 494 500 +hsync -vsync (29.8 kHz d)
[     9.952] (II) modeset(0): Modeline "800x512"x120.3   51.56  800 800 828 832  512 512 514 515 doublescan +hsync +vsync (62.0 kHz d)
[     9.952] (II) modeset(0): Modeline "700x525"x120.0   61.00  700 744 820 940  525 526 532 541 doublescan +hsync +vsync (64.9 kHz d)
[     9.952] (II) modeset(0): Modeline "800x450"x119.9   59.12  800 848 928 1056  450 451 454 467 doublescan -hsync +vsync (56.0 kHz d)
[     9.952] (II) modeset(0): Modeline "800x450"x119.6   48.75  800 824 840 880  450 451 454 463 doublescan +hsync -vsync (55.4 kHz d)
[     9.952] (II) modeset(0): Modeline "640x512"x120.0   54.00  640 664 720 844  512 512 514 533 doublescan +hsync +vsync (64.0 kHz d)
[     9.952] (II) modeset(0): Modeline "720x450"x119.8   53.25  720 760 836 952  450 451 454 467 doublescan -hsync +vsync (55.9 kHz d)
[     9.952] (II) modeset(0): Modeline "700x450"x119.9   51.75  700 740 812 924  450 451 456 467 doublescan -hsync +vsync (56.0 kHz d)
[     9.952] (II) modeset(0): Modeline "700x450"x119.8   43.25  700 724 740 780  450 451 456 463 doublescan +hsync -vsync (55.4 kHz d)
[     9.952] (II) modeset(0): Modeline "640x480"x120.0   54.00  640 688 744 900  480 480 482 500 doublescan +hsync +vsync (60.0 kHz d)
[     9.952] (II) modeset(0): Modeline "640x480"x59.9   25.18  640 656 752 800  480 490 492 525 -hsync -vsync (31.5 kHz d)
[     9.952] (II) modeset(0): Modeline "720x405"x59.5   22.50  720 744 808 896  405 408 413 422 -hsync +vsync (25.1 kHz d)
[     9.952] (II) modeset(0): Modeline "720x405"x59.0   21.75  720 768 800 880  405 408 413 419 +hsync -vsync (24.7 kHz d)
[     9.952] (II) modeset(0): Modeline "684x384"x119.8   42.62  684 720 788 892  384 385 390 399 doublescan -hsync +vsync (47.8 kHz d)
[     9.952] (II) modeset(0): Modeline "684x384"x119.7   36.12  684 708 724 764  384 385 390 395 doublescan +hsync -vsync (47.3 kHz d)
[     9.952] (II) modeset(0): Modeline "680x384"x119.6   42.38  680 716 784 888  384 385 390 399 doublescan -hsync +vsync (47.7 kHz d)
[     9.952] (II) modeset(0): Modeline "680x384"x119.9   36.00  680 704 720 760  384 385 390 395 doublescan +hsync -vsync (47.4 kHz d)
[     9.952] (II) modeset(0): Modeline "640x400"x119.8   41.75  640 676 740 840  400 401 404 415 doublescan -hsync +vsync (49.7 kHz d)
[     9.952] (II) modeset(0): Modeline "640x400"x120.0   35.50  640 664 680 720  400 401 404 411 doublescan +hsync -vsync (49.3 kHz d)
[     9.952] (II) modeset(0): Modeline "576x432"x120.1   40.81  576 608 668 760  432 432 434 447 doublescan -hsync +vsync (53.7 kHz d)
[     9.952] (II) modeset(0): Modeline "640x360"x119.7   37.25  640 672 736 832  360 361 364 374 doublescan -hsync +vsync (44.8 kHz d)
[     9.952] (II) modeset(0): Modeline "640x360"x119.7   31.88  640 664 680 720  360 361 364 370 doublescan +hsync -vsync (44.3 kHz d)
[     9.952] (II) modeset(0): Modeline "640x360"x59.8   18.00  640 664 720 800  360 363 368 376 -hsync +vsync (22.5 kHz d)
[     9.952] (II) modeset(0): Modeline "640x360"x59.3   17.75  640 688 720 800  360 363 368 374 +hsync -vsync (22.2 kHz d)
[     9.952] (II) modeset(0): Modeline "512x384"x120.0   32.50  512 524 592 672  384 385 388 403 doublescan -hsync -vsync (48.4 kHz d)
[     9.952] (II) modeset(0): Modeline "512x288"x120.0   23.25  512 532 580 648  288 289 292 299 doublescan -hsync +vsync (35.9 kHz d)
[     9.952] (II) modeset(0): Modeline "512x288"x119.8   21.00  512 536 552 592  288 289 292 296 doublescan +hsync -vsync (35.5 kHz d)
[     9.952] (II) modeset(0): Modeline "480x270"x119.3   20.38  480 496 544 608  270 271 274 281 doublescan -hsync +vsync (33.5 kHz d)
[     9.952] (II) modeset(0): Modeline "480x270"x119.6   18.62  480 504 520 560  270 271 274 278 doublescan +hsync -vsync (33.3 kHz d)
[     9.953] (II) modeset(0): Modeline "400x300"x120.6   20.00  400 420 484 528  300 300 302 314 doublescan +hsync +vsync (37.9 kHz d)
[     9.953] (II) modeset(0): Modeline "400x300"x112.7   18.00  400 412 448 512  300 300 301 312 doublescan +hsync +vsync (35.2 kHz d)
[     9.953] (II) modeset(0): Modeline "432x243"x119.8   16.25  432 444 484 536  243 244 247 253 doublescan -hsync +vsync (30.3 kHz d)
[     9.953] (II) modeset(0): Modeline "432x243"x119.1   15.25  432 456 472 512  243 244 247 250 doublescan +hsync -vsync (29.8 kHz d)
[     9.953] (II) modeset(0): Modeline "320x240"x120.1   12.59  320 328 376 400  240 245 246 262 doublescan -hsync -vsync (31.5 kHz d)
[     9.953] (II) modeset(0): Modeline "360x202"x119.0   11.25  360 372 404 448  202 204 206 211 doublescan -hsync +vsync (25.1 kHz d)
[     9.953] (II) modeset(0): Modeline "360x202"x118.3   10.88  360 384 400 440  202 204 206 209 doublescan +hsync -vsync (24.7 kHz d)
[     9.953] (II) modeset(0): Modeline "320x180"x119.7    9.00  320 332 360 400  180 181 184 188 doublescan -hsync +vsync (22.5 kHz d)
[     9.953] (II) modeset(0): Modeline "320x180"x118.6    8.88  320 344 360 400  180 181 184 187 doublescan +hsync -vsync (22.2 kHz d)
[     9.958] (II) modeset(0): EDID for output VGA-1
[     9.958] (II) modeset(0): EDID for output DP-1
[     9.967] (II) modeset(0): EDID for output HDMI-1
[     9.967] (II) modeset(0): EDID for output DP-2
[     9.975] (II) modeset(0): EDID for output HDMI-2
[     9.975] (II) modeset(0): EDID for output DP-3
[     9.984] (II) modeset(0): EDID for output HDMI-3
[     9.984] (II) modeset(0): Output eDP-1 connected
[     9.984] (II) modeset(0): Output VGA-1 disconnected
[     9.984] (II) modeset(0): Output DP-1 disconnected
[     9.984] (II) modeset(0): Output HDMI-1 disconnected
[     9.984] (II) modeset(0): Output DP-2 disconnected
[     9.984] (II) modeset(0): Output HDMI-2 disconnected
[     9.984] (II) modeset(0): Output DP-3 disconnected
[     9.984] (II) modeset(0): Output HDMI-3 disconnected
[     9.984] (II) modeset(0): Using exact sizes for initial modes
[     9.984] (II) modeset(0): Output eDP-1 using initial mode 1366x768 +0+0
[     9.984] (==) modeset(0): Using gamma correction (1.0, 1.0, 1.0)
[     9.984] (==) modeset(0): DPI set to (96, 96)
[     9.984] (II) Loading sub module "fb"
[     9.984] (II) LoadModule: "fb"
[     9.984] (II) Loading /usr/lib/xorg/modules/libfb.so
[     9.984] (II) Module fb: vendor="X.Org Foundation"
[     9.984] 	compiled for 1.19.6, module version = 1.0.0
[     9.984] 	ABI class: X.Org ANSI C Emulation, version 0.4
[     9.984] (II) UnloadModule: "fbdev"
[     9.984] (II) Unloading fbdev
[     9.984] (II) UnloadSubModule: "fbdevhw"
[     9.984] (II) Unloading fbdevhw
[     9.984] (II) UnloadModule: "vesa"
[     9.984] (II) Unloading vesa
[     9.984] (==) Depth 24 pixmap format is 32 bpp
[     9.991] (==) modeset(0): Backing store enabled
[     9.991] (==) modeset(0): Silken mouse enabled
[     9.991] (II) modeset(0): RandR 1.2 enabled, ignore the following RandR disabled message.
[    10.048] (==) modeset(0): DPMS enabled
[    10.048] (II) modeset(0): [DRI2] Setup complete
[    10.048] (II) modeset(0): [DRI2]   DRI driver: i965
[    10.048] (II) modeset(0): [DRI2]   VDPAU driver: i965
[    10.048] (--) RandR disabled
[    10.052] (II) SELinux: Disabled on system
[    10.058] (II) AIGLX: enabled GLX_MESA_copy_sub_buffer
[    10.058] (II) AIGLX: enabled GLX_ARB_create_context
[    10.058] (II) AIGLX: enabled GLX_ARB_create_context_profile
[    10.058] (II) AIGLX: enabled GLX_EXT_create_context_es{,2}_profile
[    10.058] (II) AIGLX: enabled GLX_INTEL_swap_event
[    10.058] (II) AIGLX: enabled GLX_SGI_swap_control
[    10.058] (II) AIGLX: enabled GLX_EXT_framebuffer_sRGB
[    10.058] (II) AIGLX: enabled GLX_ARB_fbconfig_float
[    10.058] (II) AIGLX: enabled GLX_EXT_fbconfig_packed_float
[    10.058] (II) AIGLX: GLX_EXT_texture_from_pixmap backed by buffer objects
[    10.058] (II) AIGLX: enabled GLX_ARB_create_context_robustness
[    10.059] (II) AIGLX: Loaded and initialized i965
[    10.059] (II) GLX: Initialized DRI2 GL provider for screen 0
[    10.062] (II) modeset(0): Damage tracking initialized
[    10.062] (II) modeset(0): Setting screen physical size to 361 x 203
[    10.113] (II) config/udev: Adding input device Power Button (/dev/input/event2)
[    10.113] (**) Power Button: Applying InputClass "evdev keyboard catchall"
[    10.113] (**) Power Button: Applying InputClass "libinput keyboard catchall"
[    10.113] (II) LoadModule: "libinput"
[    10.113] (II) Loading /usr/lib/xorg/modules/input/libinput_drv.so
[    10.117] (II) Module libinput: vendor="X.Org Foundation"
[    10.117] 	compiled for 1.19.6, module version = 0.27.1
[    10.118] 	Module class: X.Org XInput Driver
[    10.118] 	ABI class: X.Org XInput driver, version 24.1
[    10.118] (II) Using input driver 'libinput' for 'Power Button'
[    10.118] (**) Power Button: always reports core events
[    10.118] (**) Option "Device" "/dev/input/event2"
[    10.118] (**) Option "_source" "server/udev"
[    10.118] (II) event2  - Power Button: is tagged by udev as: Keyboard
[    10.118] (II) event2  - Power Button: device is a keyboard
[    10.118] (II) event2  - Power Button: device removed
[    10.144] (**) Option "config_info" "udev:/sys/devices/LNXSYSTM:00/LNXPWRBN:00/input/input2/event2"
[    10.144] (II) XINPUT: Adding extended input device "Power Button" (type: KEYBOARD, id 6)
[    10.144] (**) Option "xkb_model" "pc105"
[    10.144] (**) Option "xkb_layout" "us"
[    10.144] (II) event2  - Power Button: is tagged by udev as: Keyboard
[    10.144] (II) event2  - Power Button: device is a keyboard
[    10.145] (II) config/udev: Adding input device Video Bus (/dev/input/event4)
[    10.145] (**) Video Bus: Applying InputClass "evdev keyboard catchall"
[    10.145] (**) Video Bus: Applying InputClass "libinput keyboard catchall"
[    10.145] (II) Using input driver 'libinput' for 'Video Bus'
[    10.145] (**) Video Bus: always reports core events
[    10.145] (**) Option "Device" "/dev/input/event4"
[    10.145] (**) Option "_source" "server/udev"
[    10.145] (II) event4  - Video Bus: is tagged by udev as: Keyboard
[    10.145] (II) event4  - Video Bus: device is a keyboard
[    10.145] (II) event4  - Video Bus: device removed
[    10.172] (**) Option "config_info" "udev:/sys/devices/LNXSYSTM:00/LNXSYBUS:00/PNP0A08:00/LNXVIDEO:00/input/input10/event4"
[    10.172] (II) XINPUT: Adding extended input device "Video Bus" (type: KEYBOARD, id 7)
[    10.172] (**) Option "xkb_model" "pc105"
[    10.172] (**) Option "xkb_layout" "us"
[    10.172] (II) event4  - Video Bus: is tagged by udev as: Keyboard
[    10.172] (II) event4  - Video Bus: device is a keyboard
[    10.173] (II) config/udev: Adding input device Lid Switch (/dev/input/event1)
[    10.173] (II) No input driver specified, ignoring this device.
[    10.173] (II) This device may have been added with another device file.
[    10.173] (II) config/udev: Adding input device Sleep Button (/dev/input/event0)
[    10.173] (**) Sleep Button: Applying InputClass "evdev keyboard catchall"
[    10.173] (**) Sleep Button: Applying InputClass "libinput keyboard catchall"
[    10.173] (II) Using input driver 'libinput' for 'Sleep Button'
[    10.173] (**) Sleep Button: always reports core events
[    10.173] (**) Option "Device" "/dev/input/event0"
[    10.173] (**) Option "_source" "server/udev"
[    10.174] (II) event0  - Sleep Button: is tagged by udev as: Keyboard
[    10.174] (II) event0  - Sleep Button: device is a keyboard
[    10.174] (II) event0  - Sleep Button: device removed
[    10.192] (**) Option "config_info" "udev:/sys/devices/LNXSYSTM:00/LNXSYBUS:00/PNP0C0E:00/input/input0/event0"
[    10.192] (II) XINPUT: Adding extended input device "Sleep Button" (type: KEYBOARD, id 8)
[    10.192] (**) Option "xkb_model" "pc105"
[    10.192] (**) Option "xkb_layout" "us"
[    10.192] (II) event0  - Sleep Button: is tagged by udev as: Keyboard
[    10.192] (II) event0  - Sleep Button: device is a keyboard
[    10.193] (II) config/udev: Adding input device HDA Intel HDMI HDMI/DP,pcm=3 (/dev/input/event10)
[    10.193] (II) No input driver specified, ignoring this device.
[    10.193] (II) This device may have been added with another device file.
[    10.193] (II) config/udev: Adding input device HDA Intel HDMI HDMI/DP,pcm=7 (/dev/input/event11)
[    10.193] (II) No input driver specified, ignoring this device.
[    10.193] (II) This device may have been added with another device file.
[    10.194] (II) config/udev: Adding input device HDA Intel HDMI HDMI/DP,pcm=8 (/dev/input/event12)
[    10.194] (II) No input driver specified, ignoring this device.
[    10.194] (II) This device may have been added with another device file.
[    10.194] (II) config/udev: Adding input device HDA Intel HDMI HDMI/DP,pcm=9 (/dev/input/event13)
[    10.194] (II) No input driver specified, ignoring this device.
[    10.194] (II) This device may have been added with another device file.
[    10.194] (II) config/udev: Adding input device HDA Intel HDMI HDMI/DP,pcm=10 (/dev/input/event14)
[    10.194] (II) No input driver specified, ignoring this device.
[    10.194] (II) This device may have been added with another device file.
[    10.195] (II) config/udev: Adding input device Telink Wireless Receiver (/dev/input/event5)
[    10.195] (**) Telink Wireless Receiver: Applying InputClass "evdev pointer catchall"
[    10.195] (**) Telink Wireless Receiver: Applying InputClass "evdev keyboard catchall"
[    10.195] (**) Telink Wireless Receiver: Applying InputClass "libinput pointer catchall"
[    10.195] (**) Telink Wireless Receiver: Applying InputClass "libinput keyboard catchall"
[    10.195] (II) Using input driver 'libinput' for 'Telink Wireless Receiver'
[    10.195] (**) Telink Wireless Receiver: always reports core events
[    10.195] (**) Option "Device" "/dev/input/event5"
[    10.195] (**) Option "_source" "server/udev"
[    10.196] (II) event5  - Telink Wireless Receiver: is tagged by udev as: Keyboard Mouse
[    10.196] (II) event5  - Telink Wireless Receiver: device is a pointer
[    10.196] (II) event5  - Telink Wireless Receiver: device is a keyboard
[    10.196] (II) event5  - Telink Wireless Receiver: device removed
[    10.232] (II) libinput: Telink Wireless Receiver: needs a virtual subdevice
[    10.232] (**) Option "config_info" "udev:/sys/devices/pci0000:00/0000:00:14.0/usb3/3-10/3-10:1.0/0003:248A:8367.0001/input/input11/event5"
[    10.232] (II) XINPUT: Adding extended input device "Telink Wireless Receiver" (type: MOUSE, id 9)
[    10.232] (**) Option "AccelerationScheme" "none"
[    10.232] (**) Telink Wireless Receiver: (accel) selected scheme none/0
[    10.232] (**) Telink Wireless Receiver: (accel) acceleration factor: 2.000
[    10.232] (**) Telink Wireless Receiver: (accel) acceleration threshold: 4
[    10.233] (II) event5  - Telink Wireless Receiver: is tagged by udev as: Keyboard Mouse
[    10.233] (II) event5  - Telink Wireless Receiver: device is a pointer
[    10.233] (II) event5  - Telink Wireless Receiver: device is a keyboard
[    10.233] (II) config/udev: Adding input device Telink Wireless Receiver (/dev/input/mouse0)
[    10.233] (II) No input driver specified, ignoring this device.
[    10.233] (II) This device may have been added with another device file.
[    10.234] (II) config/udev: Adding input device Telink Wireless Receiver (/dev/input/event6)
[    10.234] (**) Telink Wireless Receiver: Applying InputClass "evdev keyboard catchall"
[    10.234] (**) Telink Wireless Receiver: Applying InputClass "libinput keyboard catchall"
[    10.234] (II) Using input driver 'libinput' for 'Telink Wireless Receiver'
[    10.234] (**) Telink Wireless Receiver: always reports core events
[    10.234] (**) Option "Device" "/dev/input/event6"
[    10.234] (**) Option "_source" "server/udev"
[    10.235] (II) event6  - Telink Wireless Receiver: is tagged by udev as: Keyboard
[    10.235] (II) event6  - Telink Wireless Receiver: device is a keyboard
[    10.235] (II) event6  - Telink Wireless Receiver: device removed
[    10.252] (**) Option "config_info" "udev:/sys/devices/pci0000:00/0000:00:14.0/usb3/3-10/3-10:1.1/0003:248A:8367.0002/input/input12/event6"
[    10.252] (II) XINPUT: Adding extended input device "Telink Wireless Receiver" (type: KEYBOARD, id 10)
[    10.252] (**) Option "xkb_model" "pc105"
[    10.252] (**) Option "xkb_layout" "us"
[    10.252] (II) event6  - Telink Wireless Receiver: is tagged by udev as: Keyboard
[    10.252] (II) event6  - Telink Wireless Receiver: device is a keyboard
[    10.253] (II) config/udev: Adding input device HP HD Webcam: HP HD Webcam (/dev/input/event21)
[    10.253] (**) HP HD Webcam: HP HD Webcam: Applying InputClass "evdev keyboard catchall"
[    10.253] (**) HP HD Webcam: HP HD Webcam: Applying InputClass "libinput keyboard catchall"
[    10.253] (II) Using input driver 'libinput' for 'HP HD Webcam: HP HD Webcam'
[    10.253] (**) HP HD Webcam: HP HD Webcam: always reports core events
[    10.253] (**) Option "Device" "/dev/input/event21"
[    10.253] (**) Option "_source" "server/udev"
[    10.254] (II) event21 - HP HD Webcam: HP HD Webcam: is tagged by udev as: Keyboard
[    10.254] (II) event21 - HP HD Webcam: HP HD Webcam: device is a keyboard
[    10.254] (II) event21 - HP HD Webcam: HP HD Webcam: device removed
[    10.296] (**) Option "config_info" "udev:/sys/devices/pci0000:00/0000:00:14.0/usb3/3-7/3-7:1.0/input/input27/event21"
[    10.296] (II) XINPUT: Adding extended input device "HP HD Webcam: HP HD Webcam" (type: KEYBOARD, id 11)
[    10.296] (**) Option "xkb_model" "pc105"
[    10.296] (**) Option "xkb_layout" "us"
[    10.296] (II) event21 - HP HD Webcam: HP HD Webcam: is tagged by udev as: Keyboard
[    10.296] (II) event21 - HP HD Webcam: HP HD Webcam: device is a keyboard
[    10.296] (II) config/udev: Adding input device HDA Intel PCH Mic (/dev/input/event15)
[    10.296] (II) No input driver specified, ignoring this device.
[    10.296] (II) This device may have been added with another device file.
[    10.297] (II) config/udev: Adding input device HDA Intel PCH Line (/dev/input/event16)
[    10.297] (II) No input driver specified, ignoring this device.
[    10.297] (II) This device may have been added with another device file.
[    10.297] (II) config/udev: Adding input device HDA Intel PCH Dock Line Out (/dev/input/event17)
[    10.297] (II) No input driver specified, ignoring this device.
[    10.297] (II) This device may have been added with another device file.
[    10.297] (II) config/udev: Adding input device HDA Intel PCH Headphone (/dev/input/event18)
[    10.297] (II) No input driver specified, ignoring this device.
[    10.297] (II) This device may have been added with another device file.
[    10.298] (II) config/udev: Adding input device AT Translated Set 2 keyboard (/dev/input/event3)
[    10.298] (**) AT Translated Set 2 keyboard: Applying InputClass "evdev keyboard catchall"
[    10.298] (**) AT Translated Set 2 keyboard: Applying InputClass "libinput keyboard catchall"
[    10.298] (II) Using input driver 'libinput' for 'AT Translated Set 2 keyboard'
[    10.298] (**) AT Translated Set 2 keyboard: always reports core events
[    10.298] (**) Option "Device" "/dev/input/event3"
[    10.298] (**) Option "_source" "server/udev"
[    10.298] (II) event3  - AT Translated Set 2 keyboard: is tagged by udev as: Keyboard
[    10.298] (II) event3  - AT Translated Set 2 keyboard: device is a keyboard
[    10.298] (II) event3  - AT Translated Set 2 keyboard: device removed
[    10.312] (**) Option "config_info" "udev:/sys/devices/platform/i8042/serio0/input/input3/event3"
[    10.312] (II) XINPUT: Adding extended input device "AT Translated Set 2 keyboard" (type: KEYBOARD, id 12)
[    10.312] (**) Option "xkb_model" "pc105"
[    10.312] (**) Option "xkb_layout" "us"
[    10.312] (II) event3  - AT Translated Set 2 keyboard: is tagged by udev as: Keyboard
[    10.312] (II) event3  - AT Translated Set 2 keyboard: device is a keyboard
[    10.313] (II) config/udev: Adding input device PS/2 Generic Mouse (/dev/input/event7)
[    10.313] (**) PS/2 Generic Mouse: Applying InputClass "evdev pointer catchall"
[    10.313] (**) PS/2 Generic Mouse: Applying InputClass "libinput pointer catchall"
[    10.313] (II) Using input driver 'libinput' for 'PS/2 Generic Mouse'
[    10.313] (**) PS/2 Generic Mouse: always reports core events
[    10.313] (**) Option "Device" "/dev/input/event7"
[    10.313] (**) Option "_source" "server/udev"
[    10.313] (II) event7  - PS/2 Generic Mouse: is tagged by udev as: Mouse
[    10.313] (II) event7  - PS/2 Generic Mouse: device is a pointer
[    10.313] (II) event7  - PS/2 Generic Mouse: device removed
[    10.356] (**) Option "config_info" "udev:/sys/devices/platform/i8042/serio2/input/input9/event7"
[    10.356] (II) XINPUT: Adding extended input device "PS/2 Generic Mouse" (type: MOUSE, id 13)
[    10.356] (**) Option "AccelerationScheme" "none"
[    10.356] (**) PS/2 Generic Mouse: (accel) selected scheme none/0
[    10.356] (**) PS/2 Generic Mouse: (accel) acceleration factor: 2.000
[    10.356] (**) PS/2 Generic Mouse: (accel) acceleration threshold: 4
[    10.356] (II) event7  - PS/2 Generic Mouse: is tagged by udev as: Mouse
[    10.356] (II) event7  - PS/2 Generic Mouse: device is a pointer
[    10.357] (II) config/udev: Adding input device PS/2 Generic Mouse (/dev/input/mouse1)
[    10.357] (II) No input driver specified, ignoring this device.
[    10.357] (II) This device may have been added with another device file.
[    10.357] (II) config/udev: Adding input device SynPS/2 Synaptics TouchPad (/dev/input/event8)
[    10.357] (**) SynPS/2 Synaptics TouchPad: Applying InputClass "evdev touchpad catchall"
[    10.357] (**) SynPS/2 Synaptics TouchPad: Applying InputClass "libinput touchpad catchall"
[    10.357] (**) SynPS/2 Synaptics TouchPad: Applying InputClass "touchpad catchall"
[    10.357] (**) SynPS/2 Synaptics TouchPad: Applying InputClass "Default clickpad buttons"
[    10.357] (II) LoadModule: "synaptics"
[    10.357] (II) Loading /usr/lib/xorg/modules/input/synaptics_drv.so
[    10.358] (II) Module synaptics: vendor="X.Org Foundation"
[    10.358] 	compiled for 1.19.3, module version = 1.9.0
[    10.358] 	Module class: X.Org XInput Driver
[    10.358] 	ABI class: X.Org XInput driver, version 24.1
[    10.358] (II) Using input driver 'synaptics' for 'SynPS/2 Synaptics TouchPad'
[    10.358] (**) SynPS/2 Synaptics TouchPad: always reports core events
[    10.358] (**) Option "Device" "/dev/input/event8"
[    10.400] (--) synaptics: SynPS/2 Synaptics TouchPad: x-axis range 1368 - 5658 (res 41)
[    10.400] (--) synaptics: SynPS/2 Synaptics TouchPad: y-axis range 1240 - 4746 (res 66)
[    10.400] (--) synaptics: SynPS/2 Synaptics TouchPad: pressure range 0 - 255
[    10.400] (--) synaptics: SynPS/2 Synaptics TouchPad: finger width range 0 - 15
[    10.400] (--) synaptics: SynPS/2 Synaptics TouchPad: buttons: left right double triple
[    10.400] (--) synaptics: SynPS/2 Synaptics TouchPad: Vendor 0x2 Product 0x7
[    10.400] (--) synaptics: SynPS/2 Synaptics TouchPad: touchpad found
[    10.400] (**) SynPS/2 Synaptics TouchPad: always reports core events
[    10.432] (**) Option "config_info" "udev:/sys/devices/platform/i8042/serio3/input/input13/event8"
[    10.432] (II) XINPUT: Adding extended input device "SynPS/2 Synaptics TouchPad" (type: TOUCHPAD, id 14)
[    10.432] (**) synaptics: SynPS/2 Synaptics TouchPad: (accel) MinSpeed is now constant deceleration 2.5
[    10.432] (**) synaptics: SynPS/2 Synaptics TouchPad: (accel) MaxSpeed is now 1.75
[    10.432] (**) synaptics: SynPS/2 Synaptics TouchPad: (accel) AccelFactor is now 0.036
[    10.432] (**) SynPS/2 Synaptics TouchPad: (accel) keeping acceleration scheme 1
[    10.432] (**) SynPS/2 Synaptics TouchPad: (accel) acceleration profile 1
[    10.432] (**) SynPS/2 Synaptics TouchPad: (accel) acceleration factor: 2.000
[    10.432] (**) SynPS/2 Synaptics TouchPad: (accel) acceleration threshold: 4
[    10.432] (--) synaptics: SynPS/2 Synaptics TouchPad: touchpad found
[    10.432] (II) config/udev: Adding input device SynPS/2 Synaptics TouchPad (/dev/input/mouse2)
[    10.432] (**) SynPS/2 Synaptics TouchPad: Ignoring device from InputClass "touchpad ignore duplicates"
[    10.432] (II) config/udev: Adding input device ST LIS3LV02DL Accelerometer (/dev/input/event20)
[    10.432] (II) No input driver specified, ignoring this device.
[    10.432] (II) This device may have been added with another device file.
[    10.433] (II) config/udev: Adding input device ST LIS3LV02DL Accelerometer (/dev/input/js0)
[    10.433] (II) No input driver specified, ignoring this device.
[    10.433] (II) This device may have been added with another device file.
[    10.434] (II) config/udev: Adding input device HP Wireless hotkeys (/dev/input/event9)
[    10.434] (**) HP Wireless hotkeys: Applying InputClass "evdev keyboard catchall"
[    10.434] (**) HP Wireless hotkeys: Applying InputClass "libinput keyboard catchall"
[    10.434] (II) Using input driver 'libinput' for 'HP Wireless hotkeys'
[    10.434] (**) HP Wireless hotkeys: always reports core events
[    10.434] (**) Option "Device" "/dev/input/event9"
[    10.434] (**) Option "_source" "server/udev"
[    10.435] (II) event9  - HP Wireless hotkeys: is tagged by udev as: Keyboard
[    10.435] (II) event9  - HP Wireless hotkeys: device is a keyboard
[    10.435] (II) event9  - HP Wireless hotkeys: device removed
[    10.468] (**) Option "config_info" "udev:/sys/devices/virtual/input/input15/event9"
[    10.468] (II) XINPUT: Adding extended input device "HP Wireless hotkeys" (type: KEYBOARD, id 15)
[    10.468] (**) Option "xkb_model" "pc105"
[    10.468] (**) Option "xkb_layout" "us"
[    10.468] (II) event9  - HP Wireless hotkeys: is tagged by udev as: Keyboard
[    10.468] (II) event9  - HP Wireless hotkeys: device is a keyboard
[    10.469] (II) config/udev: Adding input device HP WMI hotkeys (/dev/input/event19)
[    10.469] (**) HP WMI hotkeys: Applying InputClass "evdev keyboard catchall"
[    10.469] (**) HP WMI hotkeys: Applying InputClass "libinput keyboard catchall"
[    10.469] (II) Using input driver 'libinput' for 'HP WMI hotkeys'
[    10.469] (**) HP WMI hotkeys: always reports core events
[    10.469] (**) Option "Device" "/dev/input/event19"
[    10.469] (**) Option "_source" "server/udev"
[    10.469] (II) event19 - HP WMI hotkeys: is tagged by udev as: Keyboard Switch
[    10.469] (II) event19 - HP WMI hotkeys: device is a keyboard
[    10.469] (II) event19 - HP WMI hotkeys: device is a switch device
[    10.469] (II) event19 - HP WMI hotkeys: device removed
[    10.484] (**) Option "config_info" "udev:/sys/devices/virtual/input/input25/event19"
[    10.484] (II) XINPUT: Adding extended input device "HP WMI hotkeys" (type: KEYBOARD, id 16)
[    10.484] (**) Option "xkb_model" "pc105"
[    10.484] (**) Option "xkb_layout" "us"
[    10.485] (II) event19 - HP WMI hotkeys: is tagged by udev as: Keyboard Switch
[    10.485] (II) event19 - HP WMI hotkeys: device is a keyboard
[    10.485] (II) event19 - HP WMI hotkeys: device is a switch device
[    10.498] (**) Telink Wireless Receiver: Applying InputClass "evdev pointer catchall"
[    10.498] (**) Telink Wireless Receiver: Applying InputClass "evdev keyboard catchall"
[    10.498] (**) Telink Wireless Receiver: Applying InputClass "libinput pointer catchall"
[    10.499] (**) Telink Wireless Receiver: Applying InputClass "libinput keyboard catchall"
[    10.499] (II) Using input driver 'libinput' for 'Telink Wireless Receiver'
[    10.499] (**) Telink Wireless Receiver: always reports core events
[    10.499] (**) Option "Device" "/dev/input/event5"
[    10.499] (**) Option "_source" "_driver/libinput"
[    10.499] (II) libinput: Telink Wireless Receiver: is a virtual subdevice
[    10.499] (**) Option "config_info" "udev:/sys/devices/pci0000:00/0000:00:14.0/usb3/3-10/3-10:1.0/0003:248A:8367.0001/input/input11/event5"
[    10.499] (II) XINPUT: Adding extended input device "Telink Wireless Receiver" (type: KEYBOARD, id 17)
[    10.499] (**) Option "xkb_model" "pc105"
[    10.499] (**) Option "xkb_layout" "us"
[    10.548] (II) config/udev: Adding input device ST LIS3LV02DL Accelerometer (/dev/input/event20)
[    10.549] (II) No input driver specified, ignoring this device.
[    10.549] (II) This device may have been added with another device file.
[    10.835] (II) modeset(0): EDID vendor "SDC", prod id 18513
[    10.835] (II) modeset(0): Printing DDC gathered Modelines:
[    10.835] (II) modeset(0): Modeline "1366x768"x0.0   77.20  1366 1430 1478 1626  768 770 775 792 -hsync -vsync (47.5 kHz eP)
[    10.835] (II) modeset(0): Modeline "1366x768"x0.0   51.51  1366 1430 1478 1626  768 770 775 792 -hsync -vsync (31.7 kHz e)
[    10.912] (II) modeset(0): EDID vendor "SDC", prod id 18513
[    10.912] (II) modeset(0): Printing DDC gathered Modelines:
[    10.912] (II) modeset(0): Modeline "1366x768"x0.0   77.20  1366 1430 1478 1626  768 770 775 792 -hsync -vsync (47.5 kHz eP)
[    10.912] (II) modeset(0): Modeline "1366x768"x0.0   51.51  1366 1430 1478 1626  768 770 775 792 -hsync -vsync (31.7 kHz e)
[  1742.238] (II) config/udev: removing device Telink Wireless Receiver
[  1742.239] (II) UnloadModule: "libinput"
[  1742.239] (II) config/udev: removing device Telink Wireless Receiver
[  1742.239] (II) event5  - Telink Wireless Receiver: device removed
[  1742.256] (II) UnloadModule: "libinput"
[  1742.303] (II) config/udev: removing device Telink Wireless Receiver
[  1742.304] (II) event6  - Telink Wireless Receiver: device removed
[  1742.337] (II) UnloadModule: "libinput"
[  1745.613] (II) config/udev: Adding input device Telink Wireless Receiver (/dev/input/mouse0)
[  1745.613] (II) No input driver specified, ignoring this device.
[  1745.613] (II) This device may have been added with another device file.
[  1745.633] (II) config/udev: Adding input device Telink Wireless Receiver (/dev/input/event6)
[  1745.633] (**) Telink Wireless Receiver: Applying InputClass "evdev keyboard catchall"
[  1745.633] (**) Telink Wireless Receiver: Applying InputClass "libinput keyboard catchall"
[  1745.633] (II) Using input driver 'libinput' for 'Telink Wireless Receiver'
[  1745.633] (**) Telink Wireless Receiver: always reports core events
[  1745.633] (**) Option "Device" "/dev/input/event6"
[  1745.633] (**) Option "_source" "server/udev"
[  1745.634] (II) event6  - Telink Wireless Receiver: is tagged by udev as: Keyboard
[  1745.634] (II) event6  - Telink Wireless Receiver: device is a keyboard
[  1745.634] (II) event6  - Telink Wireless Receiver: device removed
[  1745.648] (**) Option "config_info" "udev:/sys/devices/pci0000:00/0000:00:14.0/usb3/3-10/3-10:1.1/0003:248A:8367.0004/input/input29/event6"
[  1745.648] (II) XINPUT: Adding extended input device "Telink Wireless Receiver" (type: KEYBOARD, id 9)
[  1745.648] (**) Option "xkb_model" "pc105"
[  1745.648] (**) Option "xkb_layout" "us"
[  1745.648] (WW) Option "xkb_variant" requires a string value
[  1745.648] (WW) Option "xkb_options" requires a string value
[  1745.648] (II) event6  - Telink Wireless Receiver: is tagged by udev as: Keyboard
[  1745.648] (II) event6  - Telink Wireless Receiver: device is a keyboard
[  1745.649] (II) config/udev: Adding input device Telink Wireless Receiver (/dev/input/event5)
[  1745.649] (**) Telink Wireless Receiver: Applying InputClass "evdev pointer catchall"
[  1745.649] (**) Telink Wireless Receiver: Applying InputClass "evdev keyboard catchall"
[  1745.649] (**) Telink Wireless Receiver: Applying InputClass "libinput pointer catchall"
[  1745.649] (**) Telink Wireless Receiver: Applying InputClass "libinput keyboard catchall"
[  1745.649] (II) Using input driver 'libinput' for 'Telink Wireless Receiver'
[  1745.649] (**) Telink Wireless Receiver: always reports core events
[  1745.649] (**) Option "Device" "/dev/input/event5"
[  1745.649] (**) Option "_source" "server/udev"
[  1745.650] (II) event5  - Telink Wireless Receiver: is tagged by udev as: Keyboard Mouse
[  1745.650] (II) event5  - Telink Wireless Receiver: device is a pointer
[  1745.650] (II) event5  - Telink Wireless Receiver: device is a keyboard
[  1745.650] (II) event5  - Telink Wireless Receiver: device removed
[  1745.668] (II) libinput: Telink Wireless Receiver: needs a virtual subdevice
[  1745.668] (**) Option "config_info" "udev:/sys/devices/pci0000:00/0000:00:14.0/usb3/3-10/3-10:1.0/0003:248A:8367.0003/input/input28/event5"
[  1745.668] (II) XINPUT: Adding extended input device "Telink Wireless Receiver" (type: MOUSE, id 10)
[  1745.668] (**) Option "AccelerationScheme" "none"
[  1745.668] (**) Telink Wireless Receiver: (accel) selected scheme none/0
[  1745.668] (**) Telink Wireless Receiver: (accel) acceleration factor: 2.000
[  1745.668] (**) Telink Wireless Receiver: (accel) acceleration threshold: 4
[  1745.669] (II) event5  - Telink Wireless Receiver: is tagged by udev as: Keyboard Mouse
[  1745.669] (II) event5  - Telink Wireless Receiver: device is a pointer
[  1745.669] (II) event5  - Telink Wireless Receiver: device is a keyboard
[  1745.669] (**) Telink Wireless Receiver: Applying InputClass "evdev pointer catchall"
[  1745.669] (**) Telink Wireless Receiver: Applying InputClass "evdev keyboard catchall"
[  1745.669] (**) Telink Wireless Receiver: Applying InputClass "libinput pointer catchall"
[  1745.669] (**) Telink Wireless Receiver: Applying InputClass "libinput keyboard catchall"
[  1745.669] (II) Using input driver 'libinput' for 'Telink Wireless Receiver'
[  1745.669] (**) Telink Wireless Receiver: always reports core events
[  1745.669] (**) Option "Device" "/dev/input/event5"
[  1745.669] (**) Option "_source" "_driver/libinput"
[  1745.669] (II) libinput: Telink Wireless Receiver: is a virtual subdevice
[  1745.670] (**) Option "config_info" "udev:/sys/devices/pci0000:00/0000:00:14.0/usb3/3-10/3-10:1.0/0003:248A:8367.0003/input/input28/event5"
[  1745.670] (II) XINPUT: Adding extended input device "Telink Wireless Receiver" (type: KEYBOARD, id 17)
[  1745.670] (**) Option "xkb_model" "pc105"
[  1745.670] (**) Option "xkb_layout" "us"
[  1745.670] (WW) Option "xkb_variant" requires a string value
[  1745.670] (WW) Option "xkb_options" requires a string value
[  1746.108] (II) config/udev: removing device Telink Wireless Receiver
[  1746.109] (II) UnloadModule: "libinput"
[  1746.109] (II) config/udev: removing device Telink Wireless Receiver
[  1746.109] (II) event5  - Telink Wireless Receiver: device removed
[  1746.137] (II) UnloadModule: "libinput"
[  1746.174] (II) config/udev: removing device Telink Wireless Receiver
[  1746.174] (II) event6  - Telink Wireless Receiver: device removed
[  1746.193] (II) UnloadModule: "libinput"
[  1748.846] (II) config/udev: Adding input device Telink Wireless Receiver (/dev/input/mouse0)
[  1748.846] (II) No input driver specified, ignoring this device.
[  1748.846] (II) This device may have been added with another device file.
[  1748.869] (II) config/udev: Adding input device Telink Wireless Receiver (/dev/input/event5)
[  1748.869] (**) Telink Wireless Receiver: Applying InputClass "evdev pointer catchall"
[  1748.869] (**) Telink Wireless Receiver: Applying InputClass "evdev keyboard catchall"
[  1748.869] (**) Telink Wireless Receiver: Applying InputClass "libinput pointer catchall"
[  1748.869] (**) Telink Wireless Receiver: Applying InputClass "libinput keyboard catchall"
[  1748.869] (II) Using input driver 'libinput' for 'Telink Wireless Receiver'
[  1748.869] (**) Telink Wireless Receiver: always reports core events
[  1748.869] (**) Option "Device" "/dev/input/event5"
[  1748.869] (**) Option "_source" "server/udev"
[  1748.869] (II) event5  - Telink Wireless Receiver: is tagged by udev as: Keyboard Mouse
[  1748.869] (II) event5  - Telink Wireless Receiver: device is a pointer
[  1748.869] (II) event5  - Telink Wireless Receiver: device is a keyboard
[  1748.869] (II) event5  - Telink Wireless Receiver: device removed
[  1748.884] (II) libinput: Telink Wireless Receiver: needs a virtual subdevice
[  1748.884] (**) Option "config_info" "udev:/sys/devices/pci0000:00/0000:00:14.0/usb3/3-10/3-10:1.0/0003:248A:8367.0005/input/input30/event5"
[  1748.884] (II) XINPUT: Adding extended input device "Telink Wireless Receiver" (type: MOUSE, id 9)
[  1748.884] (**) Option "AccelerationScheme" "none"
[  1748.884] (**) Telink Wireless Receiver: (accel) selected scheme none/0
[  1748.884] (**) Telink Wireless Receiver: (accel) acceleration factor: 2.000
[  1748.884] (**) Telink Wireless Receiver: (accel) acceleration threshold: 4
[  1748.885] (II) event5  - Telink Wireless Receiver: is tagged by udev as: Keyboard Mouse
[  1748.885] (II) event5  - Telink Wireless Receiver: device is a pointer
[  1748.885] (II) event5  - Telink Wireless Receiver: device is a keyboard
[  1748.885] (**) Telink Wireless Receiver: Applying InputClass "evdev pointer catchall"
[  1748.885] (**) Telink Wireless Receiver: Applying InputClass "evdev keyboard catchall"
[  1748.885] (**) Telink Wireless Receiver: Applying InputClass "libinput pointer catchall"
[  1748.885] (**) Telink Wireless Receiver: Applying InputClass "libinput keyboard catchall"
[  1748.885] (II) Using input driver 'libinput' for 'Telink Wireless Receiver'
[  1748.885] (**) Telink Wireless Receiver: always reports core events
[  1748.885] (**) Option "Device" "/dev/input/event5"
[  1748.885] (**) Option "_source" "_driver/libinput"
[  1748.885] (II) libinput: Telink Wireless Receiver: is a virtual subdevice
[  1748.885] (**) Option "config_info" "udev:/sys/devices/pci0000:00/0000:00:14.0/usb3/3-10/3-10:1.0/0003:248A:8367.0005/input/input30/event5"
[  1748.885] (II) XINPUT: Adding extended input device "Telink Wireless Receiver" (type: KEYBOARD, id 10)
[  1748.886] (**) Option "xkb_model" "pc105"
[  1748.886] (**) Option "xkb_layout" "us"
[  1748.886] (WW) Option "xkb_variant" requires a string value
[  1748.886] (WW) Option "xkb_options" requires a string value
[  1748.886] (II) config/udev: Adding input device Telink Wireless Receiver (/dev/input/event6)
[  1748.887] (**) Telink Wireless Receiver: Applying InputClass "evdev keyboard catchall"
[  1748.887] (**) Telink Wireless Receiver: Applying InputClass "libinput keyboard catchall"
[  1748.887] (II) Using input driver 'libinput' for 'Telink Wireless Receiver'
[  1748.887] (**) Telink Wireless Receiver: always reports core events
[  1748.887] (**) Option "Device" "/dev/input/event6"
[  1748.887] (**) Option "_source" "server/udev"
[  1748.887] (II) event6  - Telink Wireless Receiver: is tagged by udev as: Keyboard
[  1748.887] (II) event6  - Telink Wireless Receiver: device is a keyboard
[  1748.887] (II) event6  - Telink Wireless Receiver: device removed
[  1748.900] (**) Option "config_info" "udev:/sys/devices/pci0000:00/0000:00:14.0/usb3/3-10/3-10:1.1/0003:248A:8367.0006/input/input31/event6"
[  1748.900] (II) XINPUT: Adding extended input device "Telink Wireless Receiver" (type: KEYBOARD, id 17)
[  1748.900] (**) Option "xkb_model" "pc105"
[  1748.900] (**) Option "xkb_layout" "us"
[  1748.900] (WW) Option "xkb_variant" requires a string value
[  1748.900] (WW) Option "xkb_options" requires a string value
[  1748.900] (II) event6  - Telink Wireless Receiver: is tagged by udev as: Keyboard
[  1748.900] (II) event6  - Telink Wireless Receiver: device is a keyboard
[  1749.156] (II) config/udev: removing device Telink Wireless Receiver
[  1749.159] (II) UnloadModule: "libinput"
[  1749.159] (II) config/udev: removing device Telink Wireless Receiver
[  1749.159] (II) event5  - Telink Wireless Receiver: device removed
[  1749.177] (II) UnloadModule: "libinput"
[  1749.211] (II) config/udev: removing device Telink Wireless Receiver
[  1749.211] (II) event6  - Telink Wireless Receiver: device removed
[  1749.240] (II) UnloadModule: "libinput"
[  1753.652] (II) config/udev: Adding input device Telink Wireless Receiver (/dev/input/mouse0)
[  1753.652] (II) No input driver specified, ignoring this device.
[  1753.652] (II) This device may have been added with another device file.
[  1753.678] (II) config/udev: Adding input device Telink Wireless Receiver (/dev/input/event5)
[  1753.678] (**) Telink Wireless Receiver: Applying InputClass "evdev pointer catchall"
[  1753.678] (**) Telink Wireless Receiver: Applying InputClass "evdev keyboard catchall"
[  1753.678] (**) Telink Wireless Receiver: Applying InputClass "libinput pointer catchall"
[  1753.678] (**) Telink Wireless Receiver: Applying InputClass "libinput keyboard catchall"
[  1753.678] (II) Using input driver 'libinput' for 'Telink Wireless Receiver'
[  1753.678] (**) Telink Wireless Receiver: always reports core events
[  1753.678] (**) Option "Device" "/dev/input/event5"
[  1753.678] (**) Option "_source" "server/udev"
[  1753.679] (II) event5  - Telink Wireless Receiver: is tagged by udev as: Keyboard Mouse
[  1753.679] (II) event5  - Telink Wireless Receiver: device is a pointer
[  1753.679] (II) event5  - Telink Wireless Receiver: device is a keyboard
[  1753.679] (II) event5  - Telink Wireless Receiver: device removed
[  1753.700] (II) libinput: Telink Wireless Receiver: needs a virtual subdevice
[  1753.700] (**) Option "config_info" "udev:/sys/devices/pci0000:00/0000:00:14.0/usb3/3-10/3-10:1.0/0003:248A:8367.0007/input/input32/event5"
[  1753.700] (II) XINPUT: Adding extended input device "Telink Wireless Receiver" (type: MOUSE, id 9)
[  1753.700] (**) Option "AccelerationScheme" "none"
[  1753.700] (**) Telink Wireless Receiver: (accel) selected scheme none/0
[  1753.700] (**) Telink Wireless Receiver: (accel) acceleration factor: 2.000
[  1753.700] (**) Telink Wireless Receiver: (accel) acceleration threshold: 4
[  1753.701] (II) event5  - Telink Wireless Receiver: is tagged by udev as: Keyboard Mouse
[  1753.701] (II) event5  - Telink Wireless Receiver: device is a pointer
[  1753.701] (II) event5  - Telink Wireless Receiver: device is a keyboard
[  1753.701] (**) Telink Wireless Receiver: Applying InputClass "evdev pointer catchall"
[  1753.701] (**) Telink Wireless Receiver: Applying InputClass "evdev keyboard catchall"
[  1753.701] (**) Telink Wireless Receiver: Applying InputClass "libinput pointer catchall"
[  1753.701] (**) Telink Wireless Receiver: Applying InputClass "libinput keyboard catchall"
[  1753.701] (II) Using input driver 'libinput' for 'Telink Wireless Receiver'
[  1753.701] (**) Telink Wireless Receiver: always reports core events
[  1753.701] (**) Option "Device" "/dev/input/event5"
[  1753.701] (**) Option "_source" "_driver/libinput"
[  1753.701] (II) libinput: Telink Wireless Receiver: is a virtual subdevice
[  1753.701] (**) Option "config_info" "udev:/sys/devices/pci0000:00/0000:00:14.0/usb3/3-10/3-10:1.0/0003:248A:8367.0007/input/input32/event5"
[  1753.701] (II) XINPUT: Adding extended input device "Telink Wireless Receiver" (type: KEYBOARD, id 10)
[  1753.701] (**) Option "xkb_model" "pc105"
[  1753.701] (**) Option "xkb_layout" "us"
[  1753.701] (WW) Option "xkb_variant" requires a string value
[  1753.701] (WW) Option "xkb_options" requires a string value
[  1753.702] (II) config/udev: Adding input device Telink Wireless Receiver (/dev/input/event6)
[  1753.702] (**) Telink Wireless Receiver: Applying InputClass "evdev keyboard catchall"
[  1753.702] (**) Telink Wireless Receiver: Applying InputClass "libinput keyboard catchall"
[  1753.702] (II) Using input driver 'libinput' for 'Telink Wireless Receiver'
[  1753.702] (**) Telink Wireless Receiver: always reports core events
[  1753.702] (**) Option "Device" "/dev/input/event6"
[  1753.702] (**) Option "_source" "server/udev"
[  1753.702] (II) event6  - Telink Wireless Receiver: is tagged by udev as: Keyboard
[  1753.702] (II) event6  - Telink Wireless Receiver: device is a keyboard
[  1753.702] (II) event6  - Telink Wireless Receiver: device removed
[  1753.720] (**) Option "config_info" "udev:/sys/devices/pci0000:00/0000:00:14.0/usb3/3-10/3-10:1.1/0003:248A:8367.0008/input/input33/event6"
[  1753.720] (II) XINPUT: Adding extended input device "Telink Wireless Receiver" (type: KEYBOARD, id 17)
[  1753.720] (**) Option "xkb_model" "pc105"
[  1753.720] (**) Option "xkb_layout" "us"
[  1753.720] (WW) Option "xkb_variant" requires a string value
[  1753.720] (WW) Option "xkb_options" requires a string value
[  1753.721] (II) event6  - Telink Wireless Receiver: is tagged by udev as: Keyboard
[  1753.721] (II) event6  - Telink Wireless Receiver: device is a keyboard
[  1760.519] (II) config/udev: removing device Telink Wireless Receiver
[  1760.521] (II) UnloadModule: "libinput"
[  1760.521] (II) config/udev: removing device Telink Wireless Receiver
[  1760.521] (II) event5  - Telink Wireless Receiver: device removed
[  1760.540] (II) UnloadModule: "libinput"
[  1760.566] (II) config/udev: removing device Telink Wireless Receiver
[  1760.566] (II) event6  - Telink Wireless Receiver: device removed
[  1760.580] (II) UnloadModule: "libinput"
[  1761.722] (II) config/udev: Adding input device Telink Wireless Receiver (/dev/input/mouse0)
[  1761.722] (II) No input driver specified, ignoring this device.
[  1761.722] (II) This device may have been added with another device file.
[  1761.748] (II) config/udev: Adding input device Telink Wireless Receiver (/dev/input/event5)
[  1761.748] (**) Telink Wireless Receiver: Applying InputClass "evdev pointer catchall"
[  1761.748] (**) Telink Wireless Receiver: Applying InputClass "evdev keyboard catchall"
[  1761.748] (**) Telink Wireless Receiver: Applying InputClass "libinput pointer catchall"
[  1761.748] (**) Telink Wireless Receiver: Applying InputClass "libinput keyboard catchall"
[  1761.748] (II) Using input driver 'libinput' for 'Telink Wireless Receiver'
[  1761.748] (**) Telink Wireless Receiver: always reports core events
[  1761.748] (**) Option "Device" "/dev/input/event5"
[  1761.748] (**) Option "_source" "server/udev"
[  1761.749] (II) event5  - Telink Wireless Receiver: is tagged by udev as: Keyboard Mouse
[  1761.749] (II) event5  - Telink Wireless Receiver: device is a pointer
[  1761.749] (II) event5  - Telink Wireless Receiver: device is a keyboard
[  1761.749] (II) event5  - Telink Wireless Receiver: device removed
[  1761.772] (II) libinput: Telink Wireless Receiver: needs a virtual subdevice
[  1761.772] (**) Option "config_info" "udev:/sys/devices/pci0000:00/0000:00:14.0/usb3/3-10/3-10:1.0/0003:248A:8367.0009/input/input34/event5"
[  1761.772] (II) XINPUT: Adding extended input device "Telink Wireless Receiver" (type: MOUSE, id 9)
[  1761.772] (**) Option "AccelerationScheme" "none"
[  1761.772] (**) Telink Wireless Receiver: (accel) selected scheme none/0
[  1761.772] (**) Telink Wireless Receiver: (accel) acceleration factor: 2.000
[  1761.772] (**) Telink Wireless Receiver: (accel) acceleration threshold: 4
[  1761.773] (II) event5  - Telink Wireless Receiver: is tagged by udev as: Keyboard Mouse
[  1761.773] (II) event5  - Telink Wireless Receiver: device is a pointer
[  1761.773] (II) event5  - Telink Wireless Receiver: device is a keyboard
[  1761.773] (**) Telink Wireless Receiver: Applying InputClass "evdev pointer catchall"
[  1761.773] (**) Telink Wireless Receiver: Applying InputClass "evdev keyboard catchall"
[  1761.773] (**) Telink Wireless Receiver: Applying InputClass "libinput pointer catchall"
[  1761.773] (**) Telink Wireless Receiver: Applying InputClass "libinput keyboard catchall"
[  1761.773] (II) Using input driver 'libinput' for 'Telink Wireless Receiver'
[  1761.773] (**) Telink Wireless Receiver: always reports core events
[  1761.773] (**) Option "Device" "/dev/input/event5"
[  1761.773] (**) Option "_source" "_driver/libinput"
[  1761.773] (II) libinput: Telink Wireless Receiver: is a virtual subdevice
[  1761.774] (**) Option "config_info" "udev:/sys/devices/pci0000:00/0000:00:14.0/usb3/3-10/3-10:1.0/0003:248A:8367.0009/input/input34/event5"
[  1761.774] (II) XINPUT: Adding extended input device "Telink Wireless Receiver" (type: KEYBOARD, id 10)
[  1761.774] (**) Option "xkb_model" "pc105"
[  1761.774] (**) Option "xkb_layout" "us"
[  1761.774] (WW) Option "xkb_variant" requires a string value
[  1761.774] (WW) Option "xkb_options" requires a string value
[  1761.775] (II) config/udev: Adding input device Telink Wireless Receiver (/dev/input/event6)
[  1761.775] (**) Telink Wireless Receiver: Applying InputClass "evdev keyboard catchall"
[  1761.775] (**) Telink Wireless Receiver: Applying InputClass "libinput keyboard catchall"
[  1761.775] (II) Using input driver 'libinput' for 'Telink Wireless Receiver'
[  1761.775] (**) Telink Wireless Receiver: always reports core events
[  1761.775] (**) Option "Device" "/dev/input/event6"
[  1761.775] (**) Option "_source" "server/udev"
[  1761.775] (II) event6  - Telink Wireless Receiver: is tagged by udev as: Keyboard
[  1761.775] (II) event6  - Telink Wireless Receiver: device is a keyboard
[  1761.775] (II) event6  - Telink Wireless Receiver: device removed
[  1761.792] (**) Option "config_info" "udev:/sys/devices/pci0000:00/0000:00:14.0/usb3/3-10/3-10:1.1/0003:248A:8367.000A/input/input35/event6"
[  1761.792] (II) XINPUT: Adding extended input device "Telink Wireless Receiver" (type: KEYBOARD, id 17)
[  1761.792] (**) Option "xkb_model" "pc105"
[  1761.792] (**) Option "xkb_layout" "us"
[  1761.792] (WW) Option "xkb_variant" requires a string value
[  1761.792] (WW) Option "xkb_options" requires a string value
[  1761.792] (II) event6  - Telink Wireless Receiver: is tagged by udev as: Keyboard
[  1761.792] (II) event6  - Telink Wireless Receiver: device is a keyboard
